
Currently Loaded Modules:
  1) gcc/9.3.0       6) helpers/0.1.1
  2) openmpi/3.1.6   7) git/2.28.0
  3) slurm/19.05.7   8) standard/2020.10
  4) lmod/8.7.24     9) cuda/11.1.0
  5) lua/5.4.4      10) pyTorch/1.8.1-cuda-11.1.1 (g,C,E)

  Where:
   C:  Conda virtual environment
   E:  Experimental
   g:  built for GPU
/data/apps/extern/anaconda/envs/pyTorch/1.8.1-cuda-11.1.1/bin/python
Python 3.6.13 :: Anaconda, Inc.
Traceback (most recent call last):
  File "train_model.py", line 4, in <module>
    from ModelTrain import Training
  File "/scratch4/lgraham1/George/materials/BCNN_UQ_materials/scripts/ModelTrain.py", line 4, in <module>
    from HMC_torch import hamiltorch
  File "../HMC_torch/hamiltorch/__init__.py", line 3, in <module>
    from .samplers import sample, sample_model, predict_model, sample_split_model, Sampler, Integrator, Metric
  File "../HMC_torch/hamiltorch/samplers.py", line 6, in <module>
    from . import util
  File "../HMC_torch/hamiltorch/util.py", line 4, in <module>
    from termcolor import colored
ModuleNotFoundError: No module named 'termcolor'
